Using pre-set license
Built from '2021.3/staging' branch; Version is '2021.3.14f1 (eee1884e7226) revision 15655304'; Using compiler version '192829333'; Build Type 'Release'
OS: 'Windows 11  (10.0.22621) 64bit Core' Language: 'tr' Physical Memory: 32492 MB
BatchMode: 1, IsHumanControllingUs: 0, StartBugReporterOnCrash: 0, Is64bit: 1, IsPro: 1

COMMAND LINE ARGUMENTS:
C:\Program Files\Unity 2021.3.14f1\Editor\Unity.exe
-adb2
-batchMode
-noUpm
-name
AssetImportWorker9
-projectPath
C:/Users/Suay/Documents/GitHub/Mob-Control-Replica/Mob Control Clone
-logFile
Logs/AssetImportWorker9.log
-srvPort
57150
Successfully changed project path to: C:/Users/Suay/Documents/GitHub/Mob-Control-Replica/Mob Control Clone
C:/Users/Suay/Documents/GitHub/Mob-Control-Replica/Mob Control Clone
[UnityMemory] Configuration Parameters - Can be set up in boot.config
    "memorysetup-bucket-allocator-granularity=16"
    "memorysetup-bucket-allocator-bucket-count=8"
    "memorysetup-bucket-allocator-block-size=33554432"
    "memorysetup-bucket-allocator-block-count=8"
    "memorysetup-main-allocator-block-size=16777216"
    "memorysetup-thread-allocator-block-size=16777216"
    "memorysetup-gfx-main-allocator-block-size=16777216"
    "memorysetup-gfx-thread-allocator-block-size=16777216"
    "memorysetup-cache-allocator-block-size=4194304"
    "memorysetup-typetree-allocator-block-size=2097152"
    "memorysetup-profiler-bucket-allocator-granularity=16"
    "memorysetup-profiler-bucket-allocator-bucket-count=8"
    "memorysetup-profiler-bucket-allocator-block-size=33554432"
    "memorysetup-profiler-bucket-allocator-block-count=8"
    "memorysetup-profiler-allocator-block-size=16777216"
    "memorysetup-profiler-editor-allocator-block-size=1048576"
    "memorysetup-temp-allocator-size-main=16777216"
    "memorysetup-job-temp-allocator-block-size=2097152"
    "memorysetup-job-temp-allocator-block-size-background=1048576"
    "memorysetup-job-temp-allocator-reduction-small-platforms=262144"
    "memorysetup-temp-allocator-size-background-worker=32768"
    "memorysetup-temp-allocator-size-job-worker=262144"
    "memorysetup-temp-allocator-size-preload-manager=33554432"
    "memorysetup-temp-allocator-size-nav-mesh-worker=65536"
    "memorysetup-temp-allocator-size-audio-worker=65536"
    "memorysetup-temp-allocator-size-cloud-worker=32768"
    "memorysetup-temp-allocator-size-gi-baking-worker=262144"
    "memorysetup-temp-allocator-size-gfx=262144"
Refreshing native plugins compatible for Editor in 75.36 ms, found 3 plugins.
Preloading 0 native plugins for Editor in 0.00 ms.
Initialize engine version: 2021.3.14f1 (eee1884e7226)
[Subsystems] Discovering subsystems at path C:/Program Files/Unity 2021.3.14f1/Editor/Data/Resources/UnitySubsystems
[Subsystems] Discovering subsystems at path C:/Users/Suay/Documents/GitHub/Mob-Control-Replica/Mob Control Clone/Assets
GfxDevice: creating device client; threaded=0; jobified=0
Direct3D:
    Version:  Direct3D 11.0 [level 11.1]
    Renderer: NVIDIA GeForce RTX 3070 Ti Laptop GPU (ID=0x24e0)
    Vendor:   NVIDIA
    VRAM:     8032 MB
    Driver:   31.0.15.2824
Initialize mono
Mono path[0] = 'C:/Program Files/Unity 2021.3.14f1/Editor/Data/Managed'
Mono path[1] = 'C:/Program Files/Unity 2021.3.14f1/Editor/Data/MonoBleedingEdge/lib/mono/unityjit-win32'
Mono config path = 'C:/Program Files/Unity 2021.3.14f1/Editor/Data/MonoBleedingEdge/etc'
Using monoOptions --debugger-agent=transport=dt_socket,embedding=1,server=y,suspend=n,address=127.0.0.1:56592
Begin MonoManager ReloadAssembly
Registering precompiled unity dll's ...
Register platform support module: C:/Program Files/Unity 2021.3.14f1/Editor/Data/PlaybackEngines/AndroidPlayer/UnityEditor.Android.Extensions.dll
Register platform support module: C:/Program Files/Unity 2021.3.14f1/Editor/Data/PlaybackEngines/WindowsStandaloneSupport/UnityEditor.WindowsStandalone.Extensions.dll
Registered in 0.002515 seconds.
Native extension for WindowsStandalone target not found
Native extension for Android target not found
Refreshing native plugins compatible for Editor in 54.65 ms, found 3 plugins.
Preloading 0 native plugins for Editor in 0.00 ms.
Mono: successfully reloaded assembly
- Completed reload, in  0.436 seconds
Domain Reload Profiling:
	ReloadAssembly (436ms)
		BeginReloadAssembly (54ms)
			ExecutionOrderSort (0ms)
			DisableScriptedObjects (0ms)
			BackupInstance (0ms)
			ReleaseScriptingObjects (0ms)
			CreateAndSetChildDomain (1ms)
		EndReloadAssembly (309ms)
			LoadAssemblies (52ms)
			RebuildTransferFunctionScriptingTraits (0ms)
			SetupTypeCache (73ms)
			ReleaseScriptCaches (0ms)
			RebuildScriptCaches (18ms)
			SetupLoadedEditorAssemblies (183ms)
				LogAssemblyErrors (0ms)
				InitializePlatformSupportModulesInManaged (31ms)
				SetLoadedEditorAssemblies (0ms)
				RefreshPlugins (55ms)
				BeforeProcessingInitializeOnLoad (1ms)
				ProcessInitializeOnLoadAttributes (65ms)
				ProcessInitializeOnLoadMethodAttributes (31ms)
				AfterProcessingInitializeOnLoad (0ms)
				EditorAssembliesLoaded (0ms)
			ExecutionOrderSort2 (0ms)
			AwakeInstancesAfterBackupRestoration (0ms)
Platform modules already initialized, skipping
Registering precompiled user dll's ...
Registered in 0.004349 seconds.
Begin MonoManager ReloadAssembly
Symbol file LoadedFromMemory doesn't match image C:\Users\Suay\Documents\GitHub\Mob-Control-Replica\Mob Control Clone\Library\PackageCache\com.unity.visualscripting@1.7.8\Editor\VisualScripting.Core\Dependencies\YamlDotNet\Unity.VisualScripting.YamlDotNet.dll
Symbol file LoadedFromMemory doesn't match image C:\Users\Suay\Documents\GitHub\Mob-Control-Replica\Mob Control Clone\Library\PackageCache\com.unity.visualscripting@1.7.8\Editor\VisualScripting.Core\Dependencies\DotNetZip\Unity.VisualScripting.IonicZip.dll
Native extension for WindowsStandalone target not found
Native extension for Android target not found
Refreshing native plugins compatible for Editor in 0.37 ms, found 3 plugins.
Preloading 0 native plugins for Editor in 0.00 ms.
Mono: successfully reloaded assembly
- Completed reload, in  0.814 seconds
Domain Reload Profiling:
	ReloadAssembly (814ms)
		BeginReloadAssembly (75ms)
			ExecutionOrderSort (0ms)
			DisableScriptedObjects (4ms)
			BackupInstance (0ms)
			ReleaseScriptingObjects (0ms)
			CreateAndSetChildDomain (15ms)
		EndReloadAssembly (659ms)
			LoadAssemblies (56ms)
			RebuildTransferFunctionScriptingTraits (0ms)
			SetupTypeCache (265ms)
			ReleaseScriptCaches (0ms)
			RebuildScriptCaches (36ms)
			SetupLoadedEditorAssemblies (261ms)
				LogAssemblyErrors (0ms)
				InitializePlatformSupportModulesInManaged (10ms)
				SetLoadedEditorAssemblies (0ms)
				RefreshPlugins (0ms)
				BeforeProcessingInitializeOnLoad (56ms)
				ProcessInitializeOnLoadAttributes (166ms)
				ProcessInitializeOnLoadMethodAttributes (23ms)
				AfterProcessingInitializeOnLoad (5ms)
				EditorAssembliesLoaded (0ms)
			ExecutionOrderSort2 (0ms)
			AwakeInstancesAfterBackupRestoration (5ms)
Platform modules already initialized, skipping
========================================================================
Worker process is ready to serve import requests
Launched and connected shader compiler UnityShaderCompiler.exe after 0.06 seconds
Refreshing native plugins compatible for Editor in 0.71 ms, found 3 plugins.
Preloading 0 native plugins for Editor in 0.00 ms.
Unloading 3390 Unused Serialized files (Serialized files now loaded: 0)
Unloading 26 unused Assets / (88.4 KB). Loaded Objects now: 3874.
Memory consumption went from 138.3 MB to 138.2 MB.
Total: 2.652200 ms (FindLiveObjects: 0.175300 ms CreateObjectMapping: 0.135300 ms MarkObjects: 2.249200 ms  DeleteObjects: 0.091600 ms)

AssetImportParameters requested are different than current active one (requested -> active):
  custom:video-decoder-ogg-theora: a1e56fd34408186e4bbccfd4996cb3dc -> 
  custom:container-muxer-webm: aa71ff27fc2769a1b78a27578f13a17b -> 
  custom:container-demuxer-webm: 4f35f7cbe854078d1ac9338744f61a02 -> 
  custom:video-encoder-webm-vp8: eb34c28f22e8b96e1ab97ce403110664 -> 
  custom:video-codec-MediaFoundation-h265: 746d11721c4dcdbdad8f713fa42b33f4 -> 
  custom:audio-encoder-webm-vorbis: bf7c407c2cedff20999df2af8eb42d56 -> 
  custom:framework-win-MediaFoundation: 216162199b28c13a410421893ffa2e32 -> 
  custom:container-demuxer-ogg: 62fdf1f143b41e24485cea50d1cbac27 -> 
  custom:video-decoder-webm-vp8: 9c59270c3fd7afecdb556c50c9e8de78 -> 
  custom:audio-decoder-ogg-vorbis: bf7c407c2cedff20999df2af8eb42d56 -> 
========================================================================
Received Import Request.
  Time since last request: 1033930.454997 seconds.
  path: Assets/Asset Package/Polygonal Particles/Assets/Prefabs/Fire/Fire02_HighPerformance.prefab
  artifactKey: Guid(30d1d54fdb738a04c9e8dd5270bb84ef) Importer(815301076,1909f56bfc062723c751e8b465ee728b)
Start importing Assets/Asset Package/Polygonal Particles/Assets/Prefabs/Fire/Fire02_HighPerformance.prefab using Guid(30d1d54fdb738a04c9e8dd5270bb84ef) Importer(815301076,1909f56bfc062723c751e8b465ee728b)  -> (artifact id: '8eb762ebbc9c38a0d27f864b65334320') in 0.102926 seconds 
========================================================================
Received Import Request.
  Time since last request: 0.000026 seconds.
  path: Assets/Asset Package/Polygonal Particles/Assets/Prefabs/Fire/FireBall_Mobile.prefab
  artifactKey: Guid(467cd1946a21a48419880914116ce12b) Importer(815301076,1909f56bfc062723c751e8b465ee728b)
Start importing Assets/Asset Package/Polygonal Particles/Assets/Prefabs/Fire/FireBall_Mobile.prefab using Guid(467cd1946a21a48419880914116ce12b) Importer(815301076,1909f56bfc062723c751e8b465ee728b)  -> (artifact id: 'c447292e1560fb0aad419115133f2fd4') in 0.012915 seconds 
========================================================================
Received Import Request.
  Time since last request: 27.555887 seconds.
  path: Assets/Asset Package/Polygonal Particles/Assets/Prefabs/Water/Rain02_HighPerformance.prefab
  artifactKey: Guid(5ead19b15e36162489c83300d5a86365) Importer(815301076,1909f56bfc062723c751e8b465ee728b)
Start importing Assets/Asset Package/Polygonal Particles/Assets/Prefabs/Water/Rain02_HighPerformance.prefab using Guid(5ead19b15e36162489c83300d5a86365) Importer(815301076,1909f56bfc062723c751e8b465ee728b)  -> (artifact id: '8d2718687043d11cdf74598bf4e7a8a8') in 0.021569 seconds 
========================================================================
Received Import Request.
  Time since last request: 0.000041 seconds.
  path: Assets/Asset Package/Polygonal Particles/Assets/Prefabs/Water/Snow01.prefab
  artifactKey: Guid(d51cf4b03ec965a4889f6dc0a533e56a) Importer(815301076,1909f56bfc062723c751e8b465ee728b)
Start importing Assets/Asset Package/Polygonal Particles/Assets/Prefabs/Water/Snow01.prefab using Guid(d51cf4b03ec965a4889f6dc0a533e56a) Importer(815301076,1909f56bfc062723c751e8b465ee728b)  -> (artifact id: '9bc3eb8842c380e393d7288d926ef902') in 0.020550 seconds 
========================================================================
Received Import Request.
  Time since last request: 0.000019 seconds.
  path: Assets/Asset Package/Polygonal Particles/Assets/Prefabs/Water/Snow01_Mobile.prefab
  artifactKey: Guid(90d67b2ebd3a42c4498333969e12fc98) Importer(815301076,1909f56bfc062723c751e8b465ee728b)
Start importing Assets/Asset Package/Polygonal Particles/Assets/Prefabs/Water/Snow01_Mobile.prefab using Guid(90d67b2ebd3a42c4498333969e12fc98) Importer(815301076,1909f56bfc062723c751e8b465ee728b)  -> (artifact id: '2ed545529346ab25504be35e5ab9e06b') in 0.027749 seconds 
========================================================================
Received Import Request.
  Time since last request: 79.081934 seconds.
  path: Assets/Asset Package/Polygonal Particles/Assets/Materials/BlizzardMobile.mat
  artifactKey: Guid(3347ccc6cbd85d242b9b603914efb718) Importer(815301076,1909f56bfc062723c751e8b465ee728b)
Start importing Assets/Asset Package/Polygonal Particles/Assets/Materials/BlizzardMobile.mat using Guid(3347ccc6cbd85d242b9b603914efb718) Importer(815301076,1909f56bfc062723c751e8b465ee728b)  -> (artifact id: 'c5d045c0c8e4c61a6bd74845e1076baa') in 0.029759 seconds 
========================================================================
Received Import Request.
  Time since last request: 0.002939 seconds.
  path: Assets/Asset Package/Polygonal Particles/Assets/Materials/DustMobile.mat
  artifactKey: Guid(cce1e234c87d372488bb96a013c93fa8) Importer(815301076,1909f56bfc062723c751e8b465ee728b)
Start importing Assets/Asset Package/Polygonal Particles/Assets/Materials/DustMobile.mat using Guid(cce1e234c87d372488bb96a013c93fa8) Importer(815301076,1909f56bfc062723c751e8b465ee728b)  -> (artifact id: '382fc337345bc45e2c13403655dafd10') in 0.011975 seconds 
========================================================================
Received Import Request.
  Time since last request: 0.000021 seconds.
  path: Assets/Asset Package/Polygonal Particles/Assets/Materials/Leaf.mat
  artifactKey: Guid(bcecf13b9dccab849b3a474cea6a20c3) Importer(815301076,1909f56bfc062723c751e8b465ee728b)
Start importing Assets/Asset Package/Polygonal Particles/Assets/Materials/Leaf.mat using Guid(bcecf13b9dccab849b3a474cea6a20c3) Importer(815301076,1909f56bfc062723c751e8b465ee728b)  -> (artifact id: '537e1ae42155729bb57b9b86baa4d40e') in 0.011596 seconds 
========================================================================
Received Import Request.
  Time since last request: 0.000020 seconds.
  path: Assets/Asset Package/Polygonal Particles/Assets/Materials/JetExhaust.mat
  artifactKey: Guid(00bedbb82a4cb1847a3dc8ce935f1358) Importer(815301076,1909f56bfc062723c751e8b465ee728b)
Start importing Assets/Asset Package/Polygonal Particles/Assets/Materials/JetExhaust.mat using Guid(00bedbb82a4cb1847a3dc8ce935f1358) Importer(815301076,1909f56bfc062723c751e8b465ee728b)  -> (artifact id: '04a0cdde7f79512b43745862d5423e23') in 0.031275 seconds 
========================================================================
Received Import Request.
  Time since last request: 0.000019 seconds.
  path: Assets/Asset Package/Polygonal Particles/Assets/Materials/FireMobile.mat
  artifactKey: Guid(e30f5fe147a1fb841a90a3e5dbb03902) Importer(815301076,1909f56bfc062723c751e8b465ee728b)
Start importing Assets/Asset Package/Polygonal Particles/Assets/Materials/FireMobile.mat using Guid(e30f5fe147a1fb841a90a3e5dbb03902) Importer(815301076,1909f56bfc062723c751e8b465ee728b)  -> (artifact id: '295f3533bba0ab751d7f97580be43adc') in 0.009215 seconds 
========================================================================
Received Import Request.
  Time since last request: 0.000018 seconds.
  path: Assets/Asset Package/Polygonal Particles/Assets/Materials/RainMobile.mat
  artifactKey: Guid(c47170003b7cccd49ac9b3094470c1cc) Importer(815301076,1909f56bfc062723c751e8b465ee728b)
Start importing Assets/Asset Package/Polygonal Particles/Assets/Materials/RainMobile.mat using Guid(c47170003b7cccd49ac9b3094470c1cc) Importer(815301076,1909f56bfc062723c751e8b465ee728b)  -> (artifact id: '8f94ea985007b0c3c11bec45ad51d309') in 0.011796 seconds 
========================================================================
Received Import Request.
  Time since last request: 0.000017 seconds.
  path: Assets/Asset Package/Polygonal Particles/Assets/Materials/Rain.mat
  artifactKey: Guid(d499979308abe504ba7f3751334d0c44) Importer(815301076,1909f56bfc062723c751e8b465ee728b)
Start importing Assets/Asset Package/Polygonal Particles/Assets/Materials/Rain.mat using Guid(d499979308abe504ba7f3751334d0c44) Importer(815301076,1909f56bfc062723c751e8b465ee728b)  -> (artifact id: '126360d95998713eea17081718204411') in 0.010981 seconds 
========================================================================
Received Import Request.
  Time since last request: 0.000031 seconds.
  path: Assets/Asset Package/Polygonal Particles/Assets/Materials/Splinter.mat
  artifactKey: Guid(1c45c223255580f468d793b7960b9048) Importer(815301076,1909f56bfc062723c751e8b465ee728b)
Start importing Assets/Asset Package/Polygonal Particles/Assets/Materials/Splinter.mat using Guid(1c45c223255580f468d793b7960b9048) Importer(815301076,1909f56bfc062723c751e8b465ee728b)  -> (artifact id: '3c4711c71900ba3ff5e839871b2450e4') in 0.011556 seconds 
========================================================================
Received Import Request.
  Time since last request: 0.000018 seconds.
  path: Assets/Asset Package/Polygonal Particles/Assets/Materials/SkyboxMaterial.mat
  artifactKey: Guid(fac2f58a8eabe2d44bebf8f6d0d7d74b) Importer(815301076,1909f56bfc062723c751e8b465ee728b)
Start importing Assets/Asset Package/Polygonal Particles/Assets/Materials/SkyboxMaterial.mat using Guid(fac2f58a8eabe2d44bebf8f6d0d7d74b) Importer(815301076,1909f56bfc062723c751e8b465ee728b)  -> (artifact id: '2bf55b8e008aaaa5194a70238ef949b2') in 0.012207 seconds 
========================================================================
Received Import Request.
  Time since last request: 0.000020 seconds.
  path: Assets/Asset Package/Polygonal Particles/Assets/Materials/DesertDust.mat
  artifactKey: Guid(3f24f693cddfcf24c8d69bf2ec45ddd8) Importer(815301076,1909f56bfc062723c751e8b465ee728b)
Start importing Assets/Asset Package/Polygonal Particles/Assets/Materials/DesertDust.mat using Guid(3f24f693cddfcf24c8d69bf2ec45ddd8) Importer(815301076,1909f56bfc062723c751e8b465ee728b)  -> (artifact id: '7a9a992469b255f7e4cb9de5acd42ec8') in 0.010402 seconds 
========================================================================
Received Import Request.
  Time since last request: 0.000018 seconds.
  path: Assets/Asset Package/Polygonal Particles/Assets/Materials/SnowMobile.mat
  artifactKey: Guid(829518ed5f18d504283fde831118cbc9) Importer(815301076,1909f56bfc062723c751e8b465ee728b)
Start importing Assets/Asset Package/Polygonal Particles/Assets/Materials/SnowMobile.mat using Guid(829518ed5f18d504283fde831118cbc9) Importer(815301076,1909f56bfc062723c751e8b465ee728b)  -> (artifact id: '558ee02c3c9f95dc262d2ccf8b62fef7') in 0.010530 seconds 
========================================================================
Received Import Request.
  Time since last request: 0.000024 seconds.
  path: Assets/Asset Package/Polygonal Particles/Assets/Materials/ExplosionMobile.mat
  artifactKey: Guid(92db4b45010a56146b66aa6ba3b712d3) Importer(815301076,1909f56bfc062723c751e8b465ee728b)
Start importing Assets/Asset Package/Polygonal Particles/Assets/Materials/ExplosionMobile.mat using Guid(92db4b45010a56146b66aa6ba3b712d3) Importer(815301076,1909f56bfc062723c751e8b465ee728b)  -> (artifact id: '1ecfe3812de684900b264753dc4e79dd') in 0.011205 seconds 
========================================================================
Received Import Request.
  Time since last request: 0.000029 seconds.
  path: Assets/Asset Package/Polygonal Particles/Assets/Materials/Dust.mat
  artifactKey: Guid(79ee872b942eedb4881a49a781700839) Importer(815301076,1909f56bfc062723c751e8b465ee728b)
Start importing Assets/Asset Package/Polygonal Particles/Assets/Materials/Dust.mat using Guid(79ee872b942eedb4881a49a781700839) Importer(815301076,1909f56bfc062723c751e8b465ee728b)  -> (artifact id: 'e2b1fe65c6d3c8f490b6cef92e9fdffd') in 0.009542 seconds 
========================================================================
Received Import Request.
  Time since last request: 0.000019 seconds.
  path: Assets/Asset Package/Polygonal Particles/Assets/Materials/Terrain.mat
  artifactKey: Guid(769697cc5964bb048af4704d7a745528) Importer(815301076,1909f56bfc062723c751e8b465ee728b)
Start importing Assets/Asset Package/Polygonal Particles/Assets/Materials/Terrain.mat using Guid(769697cc5964bb048af4704d7a745528) Importer(815301076,1909f56bfc062723c751e8b465ee728b)  -> (artifact id: '5fdbd51de62e63159d1fa6753069804a') in 0.018586 seconds 
Editor requested this worker to shutdown with reason: Scaling down because of idle timeout
AssetImportWorker is now disconnected from the server
Process exiting
Exiting without the bug reporter. Application will terminate with return code 0